<?xml version="1.0" encoding="UTF-8"?>
<testsuite name="UsersControllerTest" skipped="0" failures="0" errors="0" tests="7" assertions="13" time="0.09769538099999998">
  <testcase name="test_should_create_user" classname="UsersControllerTest" assertions="3" time="0.018591469">
  </testcase>
  <testcase name="test_should_destroy_user" classname="UsersControllerTest" assertions="3" time="0.008676802">
  </testcase>
  <testcase name="test_should_get_edit" classname="UsersControllerTest" assertions="1" time="0.012702173">
  </testcase>
  <testcase name="test_should_get_index" classname="UsersControllerTest" assertions="2" time="0.009194186">
  </testcase>
  <testcase name="test_should_get_new" classname="UsersControllerTest" assertions="1" time="0.033758481">
  </testcase>
  <testcase name="test_should_show_user" classname="UsersControllerTest" assertions="1" time="0.007675278">
  </testcase>
  <testcase name="test_should_update_user" classname="UsersControllerTest" assertions="2" time="0.007096992">
  </testcase>
</testsuite>
