<?xml version="1.0" encoding="UTF-8"?>
<testsuite name="UserTest" skipped="0" failures="0" errors="0" tests="8" assertions="16" time="0.095051106">
  <testcase name="test_email_addresses_should_be_unique" classname="UserTest" assertions="1" time="0.050027962">
  </testcase>
  <testcase name="test_email_should_be_present" classname="UserTest" assertions="1" time="0.005207314">
  </testcase>
  <testcase name="test_email_validation_should_accept_valid_addresses" classname="UserTest" assertions="5" time="0.008902312">
  </testcase>
  <testcase name="test_email_validation_should_reject_invalid_addresses" classname="UserTest" assertions="5" time="0.010919126">
  </testcase>
  <testcase name="test_name_should_be_present" classname="UserTest" assertions="1" time="0.004591364">
  </testcase>
  <testcase name="test_name_should_not_be_too_ong" classname="UserTest" assertions="1" time="0.004715381">
  </testcase>
  <testcase name="test_password_should_have_a_minimum_length" classname="UserTest" assertions="1" time="0.006587544">
  </testcase>
  <testcase name="test_valid" classname="UserTest" assertions="1" time="0.004100103">
  </testcase>
</testsuite>
