<?xml version="1.0" encoding="UTF-8"?>
<testsuite name="UsersSignupTest" skipped="0" failures="0" errors="0" tests="2" assertions="4" time="0.10822468">
  <testcase name="test_invalid_signup_information" classname="UsersSignupTest" assertions="2" time="0.062209038">
  </testcase>
  <testcase name="test_valid_signup_information" classname="UsersSignupTest" assertions="2" time="0.046015642">
  </testcase>
</testsuite>
