<?xml version="1.0" encoding="UTF-8"?>
<testsuite name="MicropostsControllerTest" skipped="0" failures="0" errors="0" tests="7" assertions="13" time="0.096970459">
  <testcase name="test_should_create_micropost" classname="MicropostsControllerTest" assertions="3" time="0.020259251">
  </testcase>
  <testcase name="test_should_destroy_micropost" classname="MicropostsControllerTest" assertions="3" time="0.009635562">
  </testcase>
  <testcase name="test_should_get_edit" classname="MicropostsControllerTest" assertions="1" time="0.024603627">
  </testcase>
  <testcase name="test_should_get_index" classname="MicropostsControllerTest" assertions="2" time="0.013281918">
  </testcase>
  <testcase name="test_should_get_new" classname="MicropostsControllerTest" assertions="1" time="0.012076875">
  </testcase>
  <testcase name="test_should_show_micropost" classname="MicropostsControllerTest" assertions="1" time="0.009647966">
  </testcase>
  <testcase name="test_should_update_micropost" classname="MicropostsControllerTest" assertions="2" time="0.00746526">
  </testcase>
</testsuite>
