<?xml version="1.0" encoding="UTF-8"?>
<testsuite name="UserTest" skipped="0" failures="0" errors="0" tests="8" assertions="16" time="0.075637182">
  <testcase name="test_email_addresses_should_be_unique" classname="UserTest" assertions="1" time="0.030767433">
  </testcase>
  <testcase name="test_email_should_be_present" classname="UserTest" assertions="1" time="0.003653017">
  </testcase>
  <testcase name="test_email_validation_should_accept_valid_addresses" classname="UserTest" assertions="5" time="0.008461395">
  </testcase>
  <testcase name="test_email_validation_should_reject_invalid_addresses" classname="UserTest" assertions="5" time="0.011202706">
  </testcase>
  <testcase name="test_name_should_be_present" classname="UserTest" assertions="1" time="0.00494762">
  </testcase>
  <testcase name="test_name_should_not_be_too_ong" classname="UserTest" assertions="1" time="0.00524941">
  </testcase>
  <testcase name="test_password_should_have_a_minimum_length" classname="UserTest" assertions="1" time="0.006664389">
  </testcase>
  <testcase name="test_valid" classname="UserTest" assertions="1" time="0.004691212">
  </testcase>
</testsuite>
