<?xml version="1.0" encoding="UTF-8"?>
<testsuite name="WelcomeControllerTest" skipped="0" failures="0" errors="0" tests="1" assertions="1" time="0.008843582">
  <testcase name="test_should_get_index" classname="WelcomeControllerTest" assertions="1" time="0.008843582">
  </testcase>
</testsuite>
