<?xml version="1.0" encoding="UTF-8"?>
<testsuite name="UsersControllerTest" skipped="0" failures="0" errors="0" tests="1" assertions="1" time="0.060676064">
  <testcase name="test_new" classname="UsersControllerTest" assertions="1" time="0.060676064">
  </testcase>
</testsuite>
